<?xml version="1.0" encoding="UTF-8"?>
<!-- Generated by org.testng.reporters.JUnitReportReporter -->
<testsuite hostname="DESKTOP-2MMPESH" failures="0" tests="3" name="org.tet.A" time="25.127" errors="0" timestamp="2024-03-13T18:21:29 HKT" skipped="0">
  <testcase classname="org.tet.A" name="tc3" time="5.612"/>
  <system-out/>
  <testcase classname="org.tet.A" name="tc2" time="4.618"/>
  <system-out/>
  <testcase classname="org.tet.A" name="tc1" time="14.897"/>
  <system-out/>
</testsuite> <!-- org.tet.A -->
