<?xml version="1.0" encoding="UTF-8"?>
<!-- Generated by org.testng.reporters.JUnitReportReporter -->
<testsuite hostname="DESKTOP-2MMPESH" failures="0" tests="3" name="org.tet.B" time="31.253" errors="0" timestamp="2024-03-13T18:21:29 HKT" skipped="0">
  <testcase classname="org.tet.B" name="tc21" time="15.583"/>
  <system-out/>
  <testcase classname="org.tet.B" name="tc23" time="8.659"/>
  <system-out/>
  <testcase classname="org.tet.B" name="tc22" time="7.011"/>
  <system-out/>
</testsuite> <!-- org.tet.B -->
