<?xml version="1.0" encoding="UTF-8"?>
<!-- Generated by org.testng.reporters.JUnitReportReporter -->
<testsuite hostname="DESKTOP-2MMPESH" failures="0" tests="2" name="org.tet.SampleTestng" time="22.469" errors="0" timestamp="2024-03-13T18:21:29 HKT" skipped="0">
  <testcase classname="org.tet.SampleTestng" name="tc11" time="12.549"/>
  <system-out/>
  <testcase classname="org.tet.SampleTestng" name="tc12" time="9.920"/>
  <system-out/>
</testsuite> <!-- org.tet.SampleTestng -->
